  main.cpp
  BigInteger.cpp
A:\Hub\BigInteger\Source\BigInteger.cpp(250,25): warning C4018: >: несоответствие типов со знаком и без знака
A:\Hub\BigInteger\Source\BigInteger.cpp(559,27): warning C4018: >: несоответствие типов со знаком и без знака
A:\Hub\BigInteger\Source\BigInteger.cpp(563,29): warning C4018: >: несоответствие типов со знаком и без знака
A:\Hub\BigInteger\Source\BigInteger.cpp(672,19): warning C4244: =: преобразование "_Ty" в "int", возможна потеря данных
          with
          [
              _Ty=leart::BigInteger::type
          ]
A:\VisualStudio\VC\Tools\MSVC\14.28.29333\include\xmemory(701,103): warning C4244: аргумент: преобразование "const unsigned __int64" в "const std::complex<double>::_Ty", возможна потеря данных
A:\VisualStudio\VC\Tools\MSVC\14.28.29333\include\xmemory(1545): message : выполняется компиляция ссылки на экземпляр шаблон функции "void std::_Default_allocator_traits<_Alloc>::construct<_Ty,const unsigned __int64&>(_Alloc &,_Objty *const ,const unsigned __int64 &)"
          with
          [
              _Alloc=std::allocator<std::complex<double>>,
              _Ty=std::complex<double>,
              _Objty=std::complex<double>
          ]
A:\VisualStudio\VC\Tools\MSVC\14.28.29333\include\xmemory(1546): message : выполняется компиляция ссылки на экземпляр шаблон функции "void std::_Default_allocator_traits<_Alloc>::construct<_Ty,const unsigned __int64&>(_Alloc &,_Objty *const ,const unsigned __int64 &)"
          with
          [
              _Alloc=std::allocator<std::complex<double>>,
              _Ty=std::complex<double>,
              _Objty=std::complex<double>
          ]
A:\VisualStudio\VC\Tools\MSVC\14.28.29333\include\xmemory(1580): message : выполняется компиляция ссылки на экземпляр шаблон функции "void std::_Uninitialized_backout_al<_Alloc>::_Emplace_back<const unsigned __int64&>(const unsigned __int64 &)"
          with
          [
              _Alloc=std::allocator<std::complex<double>>
          ]
A:\VisualStudio\VC\Tools\MSVC\14.28.29333\include\xmemory(1580): message : выполняется компиляция ссылки на экземпляр шаблон функции "void std::_Uninitialized_backout_al<_Alloc>::_Emplace_back<const unsigned __int64&>(const unsigned __int64 &)"
          with
          [
              _Alloc=std::allocator<std::complex<double>>
          ]
A:\VisualStudio\VC\Tools\MSVC\14.28.29333\include\vector(1588): message : выполняется компиляция ссылки на экземпляр шаблон функции "std::complex<double> *std::_Uninitialized_copy<_Iter,std::allocator<std::complex<double>>>(const _InIt,const _InIt,std::complex<double> *,_Alloc &)"
          with
          [
              _Iter=const unsigned __int64 *,
              _InIt=const unsigned __int64 *,
              _Alloc=std::allocator<std::complex<double>>
          ]
A:\VisualStudio\VC\Tools\MSVC\14.28.29333\include\vector(498): message : выполняется компиляция ссылки на экземпляр шаблон функции "std::complex<double> *std::vector<std::complex<double>,std::allocator<std::complex<double>>>::_Ucopy<_Iter>(_Iter,_Iter,std::complex<double> *)"
          with
          [
              _Iter=const unsigned __int64 *
          ]
A:\VisualStudio\VC\Tools\MSVC\14.28.29333\include\vector(498): message : выполняется компиляция ссылки на экземпляр шаблон функции "std::complex<double> *std::vector<std::complex<double>,std::allocator<std::complex<double>>>::_Ucopy<_Iter>(_Iter,_Iter,std::complex<double> *)"
          with
          [
              _Iter=const unsigned __int64 *
          ]
A:\VisualStudio\VC\Tools\MSVC\14.28.29333\include\vector(509): message : выполняется компиляция ссылки на экземпляр шаблон функции "void std::vector<std::complex<double>,std::allocator<std::complex<double>>>::_Range_construct_or_tidy<const unsigned __int64*>(_Iter,_Iter,std::forward_iterator_tag)"
          with
          [
              _Iter=const unsigned __int64 *
          ]
A:\VisualStudio\VC\Tools\MSVC\14.28.29333\include\vector(509): message : выполняется компиляция ссылки на экземпляр шаблон функции "void std::vector<std::complex<double>,std::allocator<std::complex<double>>>::_Range_construct_or_tidy<const unsigned __int64*>(_Iter,_Iter,std::forward_iterator_tag)"
          with
          [
              _Iter=const unsigned __int64 *
          ]
A:\Hub\BigInteger\Source\BigInteger.cpp(649): message : выполняется компиляция ссылки на экземпляр шаблон функции "std::vector<std::complex<double>,std::allocator<std::complex<double>>>::vector<std::_Vector_const_iterator<std::_Vector_val<std::_Simple_types<_Ty>>>,0>(_Iter,_Iter,const _Alloc &)"
          with
          [
              _Ty=leart::BigInteger::type,
              _Iter=std::_Vector_const_iterator<std::_Vector_val<std::_Simple_types<leart::BigInteger::type>>>,
              _Alloc=std::allocator<std::complex<double>>
          ]
A:\Hub\BigInteger\Source\BigInteger.cpp(649): message : выполняется компиляция ссылки на экземпляр шаблон функции "std::vector<std::complex<double>,std::allocator<std::complex<double>>>::vector<std::_Vector_const_iterator<std::_Vector_val<std::_Simple_types<_Ty>>>,0>(_Iter,_Iter,const _Alloc &)"
          with
          [
              _Ty=leart::BigInteger::type,
              _Iter=std::_Vector_const_iterator<std::_Vector_val<std::_Simple_types<leart::BigInteger::type>>>,
              _Alloc=std::allocator<std::complex<double>>
          ]
  FFT.cpp
  Создание кода...
  BigInt.vcxproj -> A:\Hub\BigInteger\Debug\BigInt.exe
